<?xml version="1.0" encoding="UTF-8"?>
<testng-results ignored="0" total="1" passed="1" failed="0" skipped="0">
  <reporter-output>
  </reporter-output>
  <suite started-at="2025-03-10T11:19:34 IST" name="Default suite" finished-at="2025-03-10T11:19:39 IST" duration-ms="4883">
    <groups>
    </groups>
    <test started-at="2025-03-10T11:19:34 IST" name="Default test" finished-at="2025-03-10T11:19:39 IST" duration-ms="4883">
      <class name="prcticeTestDataProvider.GetProductInfo_AmazonTest">
        <test-method signature="getProductInfoTest()[pri:0, instance:prcticeTestDataProvider.GetProductInfo_AmazonTest@35cabb2a]" started-at="2025-03-10T11:19:35 IST" name="getProductInfoTest" finished-at="2025-03-10T11:19:39 IST" duration-ms="4819" status="PASS">
          <reporter-output>
          </reporter-output>
        </test-method> <!-- getProductInfoTest -->
      </class> <!-- prcticeTestDataProvider.GetProductInfo_AmazonTest -->
    </test> <!-- Default test -->
  </suite> <!-- Default suite -->
</testng-results>
